<?xml version="1.0" encoding="UTF-8"?>
<testsuite xmlns:xsi="http://www.w3.org/2001/XMLSchema-instance" xsi:noNamespaceSchemaLocation="https://maven.apache.org/surefire/maven-failsafe-plugin/xsd/failsafe-test-report-3.0.xsd" version="3.0" name="base.TestBase" time="10.215" tests="1" errors="0" skipped="0" failures="0">
  <properties>
[...]
</properties>
  <testcase name="Add to Cart test" classname="Add to Cart" time="2.217">
    <system-out><![CDATA[14:52:56.118 [main] INFO  i.c.core.plugin.SerenityReporter - Running feature from file:///Users/nadeemafsar/IdeaProjects/Qualitest/src/test/resources/features/AddToCart.feature
14:52:56.123 [main] INFO   - Test Suite Started: Add to Cart
14:52:56.123 [main] INFO  i.c.core.plugin.SerenityReporter - Running feature from file:///Users/nadeemafsar/IdeaProjects/Qualitest/src/test/resources/features/AddToCart.feature
14:52:56.125 [main] INFO   - Test Suite Started: Add to Cart

Scenario: Add to Cart test              &amp#27;[90m# src/test/resources/features/AddToCart.feature:3&amp#27;[0m
14:52:56.129 [main] INFO  i.c.core.plugin.SerenityReporter - Running feature from file:///Users/nadeemafsar/IdeaProjects/Qualitest/src/test/resources/features/AddToCart.feature
14:52:56.131 [main] INFO   - 
  _____   ___   ___   _____     ___   _____     _     ___   _____   ___   ___  
 |_   _| | __| / __| |_   _|   / __| |_   _|   /_\   | _ \ |_   _| | __| |   \ 
   | |   | _|  \__ \   | |     \__ \   | |    / _ \  |   /   | |   | _|  | |) |
   |_|   |___| |___/   |_|     |___/   |_|   /_/ \_\ |_|_\   |_|   |___| |___/ 

Add to Cart test(add-to-cart;add-to-cart-test)
--------------------------------------------------------------------------------
  &amp#27;[32mGiven &amp#27;[0m&amp#27;[32mI add four random items to cart&amp#27;[0m &amp#27;[90m# stepDefinitions.AddToCart.i_add_four_random_items_to_cart()&amp#27;[0m
14:52:58.342 [main] INFO   - 
  _____   ___   ___   _____     ___     _     ___   ___   ___   ___  
 |_   _| | __| / __| |_   _|   | _ \   /_\   / __| / __| | __| |   \ 
   | |   | _|  \__ \   | |     |  _/  / _ \  \__ \ \__ \ | _|  | |) |
   |_|   |___| |___/   |_|     |_|   /_/ \_\ |___/ |___/ |___| |___/ 

Add to Cart test
----------------------------------------------------------------------
]]></system-out>
    <system-err><![CDATA[Starting ChromeDriver 103.0.5060.53 (a1711811edd74ff1cf2150f36ffa3b0dae40b17f-refs/branch-heads/5060@{#853}) on port 54751
Only local connections are allowed.
Please see https://chromedriver.chromium.org/security-considerations for suggestions on keeping ChromeDriver safe.
ChromeDriver was started successfully.
Jul 12, 2022 2:52:55 PM org.openqa.selenium.remote.ProtocolHandshake createSession
INFO: Detected dialect: W3C
Jul 12, 2022 2:52:55 PM org.openqa.selenium.devtools.CdpVersionFinder findNearestMatch
WARNING: Unable to find an exact match for CDP version 103, so returning the closest version found: a no-op implementation
Jul 12, 2022 2:52:55 PM org.openqa.selenium.devtools.CdpVersionFinder findNearestMatch
INFO: Unable to find CDP implementation matching 103.
Jul 12, 2022 2:52:55 PM org.openqa.selenium.chromium.ChromiumDriver lambda$new$3
WARNING: Unable to find version of CDP to use for . You may need to include a dependency on a specific version of the CDP using something similar to `org.seleniumhq.selenium:selenium-devtools-v86:4.1.2` where the version ("v86") matches the version of the chromium-based browser you're using and the version number of the artifact is the same as Selenium's.
]]></system-err>
  </testcase>
</testsuite>