<?xml version="1.0" encoding="UTF-8"?>
<testng-results ignored="0" total="1" passed="1" failed="0" skipped="0">
  <reporter-output>
  </reporter-output>
  <suite started-at="2022-07-12T14:31:16 BST" name="Surefire suite" finished-at="2022-07-12T14:31:19 BST" duration-ms="3039">
    <groups>
      <group name="cucumber">
        <method signature="AbstractTestNGCucumberTests.runScenario(io.cucumber.testng.PickleWrapper,io.cucumber.testng.FeatureWrapper)[pri:0, instance:Runner.TestRunner@1da2cb77]" name="runScenario" class="io.cucumber.testng.AbstractTestNGCucumberTests"/>
      </group> <!-- cucumber -->
    </groups>
    <test started-at="2022-07-12T14:31:16 BST" name="Surefire test" finished-at="2022-07-12T14:31:19 BST" duration-ms="3039">
      <class name="base.TestBase">
        <test-method is-config="true" signature="setChromedriver()[pri:0, instance:base.TestBase@306e95ec]" started-at="2022-07-12T14:31:07 BST" name="setChromedriver" finished-at="2022-07-12T14:31:16 BST" duration-ms="8556" status="PASS">
          <reporter-output>
          </reporter-output>
        </test-method> <!-- setChromedriver -->
        <test-method is-config="true" signature="quitDriver()[pri:0, instance:base.TestBase@306e95ec]" started-at="2022-07-12T14:31:24 BST" name="quitDriver" finished-at="2022-07-12T14:31:24 BST" duration-ms="120" status="PASS">
          <reporter-output>
          </reporter-output>
        </test-method> <!-- quitDriver -->
      </class> <!-- base.TestBase -->
      <class name="Runner.TestRunner">
        <test-method is-config="true" signature="setUpClass(org.testng.ITestContext)[pri:0, instance:Runner.TestRunner@1da2cb77]" started-at="2022-07-12T14:31:16 BST" name="setUpClass" finished-at="2022-07-12T14:31:16 BST" duration-ms="181" status="PASS">
          <params>
            <param index="0">
              <value>
                <![CDATA[org.testng.TestRunner@776015fc]]>
              </value>
            </param>
          </params>
          <reporter-output>
          </reporter-output>
        </test-method> <!-- setUpClass -->
        <test-method signature="runScenario(io.cucumber.testng.PickleWrapper,io.cucumber.testng.FeatureWrapper)[pri:0, instance:Runner.TestRunner@1da2cb77]" started-at="2022-07-12T14:31:16 BST" name="runScenario" description="Runs Cucumber Scenarios" data-provider="scenarios" finished-at="2022-07-12T14:31:19 BST" duration-ms="2816" status="PASS">
          <params>
            <param index="0">
              <value>
                <![CDATA["Add to Cart test"]]>
              </value>
            </param>
            <param index="1">
              <value>
                <![CDATA["Optional[Add to Cart]"]]>
              </value>
            </param>
          </params>
          <reporter-output>
          </reporter-output>
        </test-method> <!-- runScenario -->
        <test-method is-config="true" signature="tearDownClass()[pri:0, instance:Runner.TestRunner@1da2cb77]" started-at="2022-07-12T14:31:19 BST" name="tearDownClass" finished-at="2022-07-12T14:31:19 BST" duration-ms="7" status="PASS">
          <reporter-output>
          </reporter-output>
        </test-method> <!-- tearDownClass -->
      </class> <!-- Runner.TestRunner -->
    </test> <!-- Surefire test -->
  </suite> <!-- Surefire suite -->
</testng-results>
